<?xml version="1.0" encoding="UTF-8"?>
<!-- Generated by org.testng.reporters.JUnitReportReporter -->
<testsuite hostname="DESKTOP-6VEAE9B" failures="0" tests="2" name="tests.OrangeLoginTest" time="2.988" errors="0" timestamp="2023-10-31T17:44:01 IST" skipped="0">
  <testcase classname="tests.OrangeLoginTest" name="checkForgotPass" time="0.685"/>
  <testcase classname="tests.OrangeLoginTest" name="performLogin" time="2.303"/>
</testsuite> <!-- tests.OrangeLoginTest -->
